<?xml version="1.0" encoding="UTF-8"?>
<!-- Generated by org.testng.reporters.JUnitReportReporter -->
<testsuite hostname="LAPTOP-7N50JD64" name="com.myntra.MyntraTest" tests="1" failures="0" timestamp="18 May 2022 14:40:34 GMT" time="12.228" errors="0">
  <testcase name="myntratest" time="12.228" classname="com.myntra.MyntraTest"/>
</testsuite> <!-- com.myntra.MyntraTest -->
